[0.030s] Invoking command in '/home/zeb/ros_workspace/build/ros-qualisys': /usr/local/bin/cmake --build /home/zeb/ros_workspace/build/ros-qualisys -- -j22 -l22
[0.051s] /opt/cmake-3.26.4-linux-x86_64/bin/cmake -S/home/zeb/ros_workspace/src/ros-qualisys -B/home/zeb/ros_workspace/build/ros-qualisys --check-build-system CMakeFiles/Makefile.cmake 0
[0.573s] -- Configuring "ros-qualisys" (https://github.com/gepetto/ros-qualisys)
[0.574s] -- Package version (ROS package.xml): 1.0.0
[0.640s] -- Could NOT find Doxygen (missing: DOXYGEN_EXECUTABLE) 
[0.640s] -- Failed to find Doxygen, documentation will not be generated.
[0.673s] -- Using CATKIN_DEVEL_PREFIX: /home/zeb/ros_workspace/build/ros-qualisys/devel
[0.673s] -- Using CMAKE_PREFIX_PATH: /home/zeb/ros_workspace/install/ros-qualisys;/opt/ros/noetic
[0.673s] -- This workspace overlays: /home/zeb/ros_workspace/install/ros-qualisys;/opt/ros/noetic
[0.702s] -- Found PythonInterp: /usr/bin/python3 (found suitable version "3.8.10", minimum required is "3") 
[0.702s] -- Using PYTHON_EXECUTABLE: /usr/bin/python3
[0.702s] -- Using Debian Python package layout
[0.702s] -- Using empy: /usr/lib/python3/dist-packages/em.py
[0.787s] -- Using CATKIN_ENABLE_TESTING: ON
[0.787s] -- Call enable_testing()
[0.788s] -- Using CATKIN_TEST_RESULTS_DIR: /home/zeb/ros_workspace/build/ros-qualisys/test_results
[0.819s] -- Forcing gtest/gmock from source, though one was otherwise available.
[0.819s] -- Found gtest sources under '/usr/src/googletest': gtests will be built
[0.819s] -- Found gmock sources under '/usr/src/googletest': gmock will be built
[0.820s] [0mCMake Deprecation Warning at /usr/src/googletest/CMakeLists.txt:4 (cmake_minimum_required):
[0.820s]   Compatibility with CMake < 2.8.12 will be removed from a future version of
[0.820s]   CMake.
[0.820s] 
[0.820s]   Update the VERSION argument <min> value or use a ...<max> suffix to tell
[0.820s]   CMake that the project does not need compatibility with older versions.
[0.820s] 
[0.820s] [0m
[0.822s] [0mCMake Deprecation Warning at /usr/src/googletest/googlemock/CMakeLists.txt:45 (cmake_minimum_required):
[0.822s]   Compatibility with CMake < 2.8.12 will be removed from a future version of
[0.822s]   CMake.
[0.822s] 
[0.822s]   Update the VERSION argument <min> value or use a ...<max> suffix to tell
[0.822s]   CMake that the project does not need compatibility with older versions.
[0.822s] 
[0.822s] [0m
[0.823s] [0mCMake Deprecation Warning at /usr/src/googletest/googletest/CMakeLists.txt:56 (cmake_minimum_required):
[0.823s]   Compatibility with CMake < 2.8.12 will be removed from a future version of
[0.823s]   CMake.
[0.823s] 
[0.823s]   Update the VERSION argument <min> value or use a ...<max> suffix to tell
[0.823s]   CMake that the project does not need compatibility with older versions.
[0.823s] 
[0.823s] [0m
[0.852s] -- Found PythonInterp: /usr/bin/python3 (found version "3.8.10") 
[0.860s] -- Using Python nosetests: /usr/bin/nosetests3
[0.939s] -- catkin 0.8.12
[0.940s] -- BUILD_SHARED_LIBS is on
[1.090s] -- Using these message generators: gencpp;geneus;genlisp;gennodejs;genpy
[1.114s] -- Create files for AMENT (ROS 2)
[1.118s] -- Configuring done (1.1s)
[1.242s] -- Generating done (0.1s)
[1.257s] -- Build files have been written to: /home/zeb/ros_workspace/build/ros-qualisys
[1.261s] /opt/cmake-3.26.4-linux-x86_64/bin/cmake -E cmake_progress_start /home/zeb/ros_workspace/build/ros-qualisys/CMakeFiles /home/zeb/ros_workspace/build/ros-qualisys//CMakeFiles/progress.marks
[1.263s] /usr/bin/make  -f CMakeFiles/Makefile2 all
[1.265s] make[1]: Entering directory '/home/zeb/ros_workspace/build/ros-qualisys'
[1.265s] /usr/bin/make  -f CMakeFiles/ros-qualisys.dir/build.make CMakeFiles/ros-qualisys.dir/depend
[1.266s] make[2]: Entering directory '/home/zeb/ros_workspace/build/ros-qualisys'
[1.266s] cd /home/zeb/ros_workspace/build/ros-qualisys && /opt/cmake-3.26.4-linux-x86_64/bin/cmake -E cmake_depends "Unix Makefiles" /home/zeb/ros_workspace/src/ros-qualisys /home/zeb/ros_workspace/src/ros-qualisys /home/zeb/ros_workspace/build/ros-qualisys /home/zeb/ros_workspace/build/ros-qualisys /home/zeb/ros_workspace/build/ros-qualisys/CMakeFiles/ros-qualisys.dir/DependInfo.cmake --color=
[1.278s] make[2]: Leaving directory '/home/zeb/ros_workspace/build/ros-qualisys'
[1.278s] /usr/bin/make  -f CMakeFiles/ros-qualisys.dir/build.make CMakeFiles/ros-qualisys.dir/build
[1.303s] make[2]: Entering directory '/home/zeb/ros_workspace/build/ros-qualisys'
[1.306s] [ 25%] [32mBuilding CXX object CMakeFiles/ros-qualisys.dir/src/qualisys-to-ros.cpp.o[0m
[1.306s] /usr/bin/c++ -DROSCONSOLE_BACKEND_LOG4CXX -DROS_BUILD_SHARED_LIBS=1 -DROS_PACKAGE_NAME=\"ros-qualisys\" -Dros_qualisys_EXPORTS -I/home/zeb/ros_workspace/build/ros-qualisys -I/home/zeb/ros_workspace/build/ros-qualisys/include -I/home/zeb/ros_workspace/src/ros-qualisys/include -I/opt/ros/noetic/include -I/opt/ros/noetic/share/xmlrpcpp/cmake/../../../include/xmlrpcpp -isystem /usr/local/include/qualisys_cpp_sdk -pedantic -Wno-long-long -Wall -Wextra -Wcast-align -Wcast-qual -Wformat -Wwrite-strings -Wconversion  -O3 -DNDEBUG -fPIC -MD -MT CMakeFiles/ros-qualisys.dir/src/qualisys-to-ros.cpp.o -MF CMakeFiles/ros-qualisys.dir/src/qualisys-to-ros.cpp.o.d -o CMakeFiles/ros-qualisys.dir/src/qualisys-to-ros.cpp.o -c /home/zeb/ros_workspace/src/ros-qualisys/src/qualisys-to-ros.cpp
[2.380s] [01m[K/home/zeb/ros_workspace/src/ros-qualisys/src/qualisys-to-ros.cpp:[m[K In member function â€˜[01m[Kbool ros_qualisys::QualisysToRos::connect()[m[Kâ€™:
[2.380s] [01m[K/home/zeb/ros_workspace/src/ros-qualisys/src/qualisys-to-ros.cpp:108:9:[m[K [01;31m[Kerror: [m[Kcontinue statement not within a loop
[2.380s]   108 |         [01;31m[Kcontinue[m[K;
[2.380s]       |         [01;31m[K^~~~~~~~[m[K
[2.380s] [01m[K/home/zeb/ros_workspace/src/ros-qualisys/src/qualisys-to-ros.cpp:118:7:[m[K [01;31m[Kerror: [m[Kcontinue statement not within a loop
[2.381s]   118 |       [01;31m[Kcontinue[m[K;
[2.381s]       |       [01;31m[K^~~~~~~~[m[K
[2.381s] [01m[K/home/zeb/ros_workspace/src/ros-qualisys/src/qualisys-to-ros.cpp:121:3:[m[K [01;35m[Kwarning: [m[Kno return statement in function returning non-void [[01;35m[K-Wreturn-type[m[K]
[2.381s]   121 |   [01;35m[K}[m[K
[2.381s]       |   [01;35m[K^[m[K
[2.381s] In file included from [01m[K/opt/ros/noetic/include/ros/ros.h:40[m[K,
[2.381s]                  from [01m[K/home/zeb/ros_workspace/src/ros-qualisys/include/ros-qualisys/qualisys-to-ros.hpp:9[m[K,
[2.381s]                  from [01m[K/home/zeb/ros_workspace/src/ros-qualisys/src/qualisys-to-ros.cpp:5[m[K:
[2.382s] [01m[K/home/zeb/ros_workspace/src/ros-qualisys/src/qualisys-to-ros.cpp:[m[K At global scope:
[2.382s] [01m[K/opt/ros/noetic/include/ros/console.h:404:3:[m[K [01;31m[Kerror: [m[Kexpected unqualified-id before â€˜[01m[Kdo[m[Kâ€™
[2.382s]   404 |   [01;31m[Kdo[m[K \
[2.382s]       |   [01;31m[K^~[m[K
[2.382s] [01m[K/opt/ros/noetic/include/ros/console.h:582:43:[m[K [01;36m[Knote: [m[Kin expansion of macro â€˜[01m[KROS_LOG_STREAM_COND[m[Kâ€™
[2.382s]   582 | #define ROS_LOG_STREAM(level, name, args) [01;36m[KROS_LOG_STREAM_COND[m[K(true, level, name, args)
[2.382s]       |                                           [01;36m[K^~~~~~~~~~~~~~~~~~~[m[K
[2.382s] [01m[K/opt/ros/noetic/include/rosconsole/macros_generated.h:111:31:[m[K [01;36m[Knote: [m[Kin expansion of macro â€˜[01m[KROS_LOG_STREAM[m[Kâ€™
[2.382s]   111 | #define ROS_INFO_STREAM(args) [01;36m[KROS_LOG_STREAM[m[K(::ros::console::levels::Info, ROSCONSOLE_DEFAULT_NAME, args)
[2.382s]       |                               [01;36m[K^~~~~~~~~~~~~~[m[K
[2.382s] [01m[K/home/zeb/ros_workspace/src/ros-qualisys/src/qualisys-to-ros.cpp:122:3:[m[K [01;36m[Knote: [m[Kin expansion of macro â€˜[01m[KROS_INFO_STREAM[m[Kâ€™
[2.382s]   122 |   [01;36m[KROS_INFO_STREAM[m[K("QualisysToRos::connect(): Connected successfully");
[2.383s]       |   [01;36m[K^~~~~~~~~~~~~~~[m[K
[2.383s] [01m[K/opt/ros/noetic/include/ros/console.h:411:5:[m[K [01;31m[Kerror: [m[Kexpected unqualified-id before â€˜[01m[Kwhile[m[Kâ€™
[2.383s]   411 |   } [01;31m[Kwhile[m[K(false)
[2.383s]       |     [01;31m[K^~~~~[m[K
[2.383s] [01m[K/opt/ros/noetic/include/ros/console.h:582:43:[m[K [01;36m[Knote: [m[Kin expansion of macro â€˜[01m[KROS_LOG_STREAM_COND[m[Kâ€™
[2.383s]   582 | #define ROS_LOG_STREAM(level, name, args) [01;36m[KROS_LOG_STREAM_COND[m[K(true, level, name, args)
[2.383s]       |                                           [01;36m[K^~~~~~~~~~~~~~~~~~~[m[K
[2.383s] [01m[K/opt/ros/noetic/include/rosconsole/macros_generated.h:111:31:[m[K [01;36m[Knote: [m[Kin expansion of macro â€˜[01m[KROS_LOG_STREAM[m[Kâ€™
[2.383s]   111 | #define ROS_INFO_STREAM(args) [01;36m[KROS_LOG_STREAM[m[K(::ros::console::levels::Info, ROSCONSOLE_DEFAULT_NAME, args)
[2.383s]       |                               [01;36m[K^~~~~~~~~~~~~~[m[K
[2.383s] [01m[K/home/zeb/ros_workspace/src/ros-qualisys/src/qualisys-to-ros.cpp:122:3:[m[K [01;36m[Knote: [m[Kin expansion of macro â€˜[01m[KROS_INFO_STREAM[m[Kâ€™
[2.383s]   122 |   [01;36m[KROS_INFO_STREAM[m[K("QualisysToRos::connect(): Connected successfully");
[2.384s]       |   [01;36m[K^~~~~~~~~~~~~~~[m[K
[2.384s] [01m[K/home/zeb/ros_workspace/src/ros-qualisys/src/qualisys-to-ros.cpp:123:3:[m[K [01;31m[Kerror: [m[Kexpected unqualified-id before â€˜[01m[Kreturn[m[Kâ€™
[2.384s]   123 |   [01;31m[Kreturn[m[K failure >= 20 && success;
[2.384s]       |   [01;31m[K^~~~~~[m[K
[2.384s] [01m[K/home/zeb/ros_workspace/src/ros-qualisys/src/qualisys-to-ros.cpp:126:6:[m[K [01;31m[Kerror: [m[Kâ€˜[01m[KQualisysToRos[m[Kâ€™ has not been declared
[2.384s]   126 | void [01;31m[KQualisysToRos[m[K::run() {
[2.384s]       |      [01;31m[K^~~~~~~~~~~~~[m[K
[2.384s] [01m[K/home/zeb/ros_workspace/src/ros-qualisys/src/qualisys-to-ros.cpp:[m[K In function â€˜[01m[Kvoid run()[m[Kâ€™:
[2.384s] [01m[K/home/zeb/ros_workspace/src/ros-qualisys/src/qualisys-to-ros.cpp:130:3:[m[K [01;31m[Kerror: [m[Kâ€˜[01m[Krt_packet_[m[Kâ€™ was not declared in this scope
[2.384s]   130 |   [01;31m[Krt_packet_[m[K = crt_protocol_.GetRTPacket();
[2.384s]       |   [01;31m[K^~~~~~~~~~[m[K
[2.385s] [01m[K/home/zeb/ros_workspace/src/ros-qualisys/src/qualisys-to-ros.cpp:130:16:[m[K [01;31m[Kerror: [m[Kâ€˜[01m[Kcrt_protocol_[m[Kâ€™ was not declared in this scope
[2.385s]   130 |   rt_packet_ = [01;31m[Kcrt_protocol_[m[K.GetRTPacket();
[2.385s]       |                [01;31m[K^~~~~~~~~~~~~[m[K
[2.388s] [01m[K/home/zeb/ros_workspace/src/ros-qualisys/src/qualisys-to-ros.cpp:131:3:[m[K [01;31m[Kerror: [m[Kâ€˜[01m[Kbody_count_[m[Kâ€™ was not declared in this scope
[2.388s]   131 |   [01;31m[Kbody_count_[m[K = rt_packet_->Get6DOFBodyCount();
[2.388s]       |   [01;31m[K^~~~~~~~~~~[m[K
[2.390s] [01m[K/home/zeb/ros_workspace/src/ros-qualisys/src/qualisys-to-ros.cpp:134:29:[m[K [01;31m[Kerror: [m[Kâ€˜[01m[Kpacket_type_[m[Kâ€™ was not declared in this scope
[2.390s]   134 |   if (crt_protocol_.Receive([01;31m[Kpacket_type_[m[K, true) ==
[2.391s]       |                             [01;31m[K^~~~~~~~~~~~[m[K
[2.392s] [01m[K/home/zeb/ros_workspace/src/ros-qualisys/src/qualisys-to-ros.cpp:152:44:[m[K [01;31m[Kerror: [m[Kâ€˜[01m[Kpx_[m[Kâ€™ was not declared in this scope
[2.392s]   152 |             if (rt_packet_->Get6DOFBody(i, [01;31m[Kpx_[m[K, py_, pz_,
[2.392s]       |                                            [01;31m[K^~~[m[K
[2.393s] [01m[K/home/zeb/ros_workspace/src/ros-qualisys/src/qualisys-to-ros.cpp:152:49:[m[K [01;31m[Kerror: [m[Kâ€˜[01m[Kpy_[m[Kâ€™ was not declared in this scope
[2.393s]   152 |             if (rt_packet_->Get6DOFBody(i, px_, [01;31m[Kpy_[m[K, pz_,
[2.393s]       |                                                 [01;31m[K^~~[m[K
[2.394s] [01m[K/home/zeb/ros_workspace/src/ros-qualisys/src/qualisys-to-ros.cpp:152:54:[m[K [01;31m[Kerror: [m[Kâ€˜[01m[Kpz_[m[Kâ€™ was not declared in this scope
[2.394s]   152 |             if (rt_packet_->Get6DOFBody(i, px_, py_, [01;31m[Kpz_[m[K,
[2.394s]       |                                                      [01;31m[K^~~[m[K
[2.398s] [01m[K/home/zeb/ros_workspace/src/ros-qualisys/src/qualisys-to-ros.cpp:153:41:[m[K [01;31m[Kerror: [m[Kâ€˜[01m[Krotation_matrix_[m[Kâ€™ was not declared in this scope
[2.398s]   153 |                                         [01;31m[Krotation_matrix_[m[K.data())) {
[2.398s]       |                                         [01;31m[K^~~~~~~~~~~~~~~~[m[K
[2.399s] [01m[K/home/zeb/ros_workspace/src/ros-qualisys/src/qualisys-to-ros.cpp:164:17:[m[K [01;31m[Kerror: [m[Kâ€˜[01m[Kbody_name_[m[Kâ€™ was not declared in this scope
[2.399s]   164 |                 [01;31m[Kbody_name_[m[K = crt_protocol_.Get6DOFBodyName(i);
[2.399s]       |                 [01;31m[K^~~~~~~~~~[m[K
[2.405s] [01m[K/home/zeb/ros_workspace/src/ros-qualisys/src/qualisys-to-ros.cpp:165:17:[m[K [01;31m[Kerror: [m[Kâ€˜[01m[Kros_rotation_matrix_[m[Kâ€™ was not declared in this scope
[2.405s]   165 |                 [01;31m[Kros_rotation_matrix_[m[K.setValue(
[2.405s]       |                 [01;31m[K^~~~~~~~~~~~~~~~~~~~[m[K
[2.408s] [01m[K/home/zeb/ros_workspace/src/ros-qualisys/src/qualisys-to-ros.cpp:171:50:[m[K [01;31m[Kerror: [m[Kâ€˜[01m[Kros_quaternion_[m[Kâ€™ was not declared in this scope
[2.408s]   171 |                 ros_rotation_matrix_.getRotation([01;31m[Kros_quaternion_[m[K);
[2.408s]       |                                                  [01;31m[K^~~~~~~~~~~~~~~[m[K
[2.411s] [01m[K/home/zeb/ros_workspace/src/ros-qualisys/src/qualisys-to-ros.cpp:176:17:[m[K [01;31m[Kerror: [m[Kâ€˜[01m[Kros_transform_[m[Kâ€™ was not declared in this scope
[2.411s]   176 |                 [01;31m[Kros_transform_[m[K.transform.translation.x = px_ / 1000.0;
[2.411s]       |                 [01;31m[K^~~~~~~~~~~~~~[m[K
[2.415s] [01m[K/home/zeb/ros_workspace/src/ros-qualisys/src/qualisys-to-ros.cpp:183:50:[m[K [01;31m[Kerror: [m[Kâ€˜[01m[Kfixed_frame_id_[m[Kâ€™ was not declared in this scope
[2.415s]   183 |                 ros_transform_.header.frame_id = [01;31m[Kfixed_frame_id_[m[K;
[2.415s]       |                                                  [01;31m[K^~~~~~~~~~~~~~~[m[K
[2.416s] [01m[K/home/zeb/ros_workspace/src/ros-qualisys/src/qualisys-to-ros.cpp:186:17:[m[K [01;31m[Kerror: [m[Kâ€˜[01m[Kpublisher_[m[Kâ€™ was not declared in this scope
[2.416s]   186 |                 [01;31m[Kpublisher_[m[K.sendTransform(ros_transform_);
[2.416s]       |                 [01;31m[K^~~~~~~~~~[m[K
[2.417s] [01m[K/home/zeb/ros_workspace/src/ros-qualisys/src/qualisys-to-ros.cpp:198:3:[m[K [01;31m[Kerror: [m[Kâ€˜[01m[Krate_[m[Kâ€™ was not declared in this scope
[2.417s]   198 |   [01;31m[Krate_[m[K->sleep();
[2.417s]       |   [01;31m[K^~~~~[m[K
[2.417s] [01m[K/home/zeb/ros_workspace/src/ros-qualisys/src/qualisys-to-ros.cpp:[m[K At global scope:
[2.417s] [01m[K/home/zeb/ros_workspace/src/ros-qualisys/src/qualisys-to-ros.cpp:201:6:[m[K [01;31m[Kerror: [m[Kâ€˜[01m[KQualisysToRos[m[Kâ€™ has not been declared
[2.417s]   201 | void [01;31m[KQualisysToRos[m[K::terminate() {
[2.417s]       |      [01;31m[K^~~~~~~~~~~~~[m[K
[2.419s] [01m[K/home/zeb/ros_workspace/src/ros-qualisys/src/qualisys-to-ros.cpp:[m[K In function â€˜[01m[Kvoid terminate()[m[Kâ€™:
[2.419s] [01m[K/home/zeb/ros_workspace/src/ros-qualisys/src/qualisys-to-ros.cpp:203:3:[m[K [01;31m[Kerror: [m[Kâ€˜[01m[Kcrt_protocol_[m[Kâ€™ was not declared in this scope
[2.419s]   203 |   [01;31m[Kcrt_protocol_[m[K.StreamFramesStop();
[2.419s]       |   [01;31m[K^~~~~~~~~~~~~[m[K
[2.419s] [01m[K/home/zeb/ros_workspace/src/ros-qualisys/src/qualisys-to-ros.cpp:[m[K At global scope:
[2.419s] [01m[K/home/zeb/ros_workspace/src/ros-qualisys/src/qualisys-to-ros.cpp:207:1:[m[K [01;31m[Kerror: [m[Kexpected declaration before â€˜[01m[K}[m[Kâ€™ token
[2.419s]   207 | [01;31m[K}[m[K  // namespace ros_qualisys
[2.419s]       | [01;31m[K^[m[K
[2.562s] make[2]: Leaving directory '/home/zeb/ros_workspace/build/ros-qualisys'
[2.563s] make[2]: *** [CMakeFiles/ros-qualisys.dir/build.make:79: CMakeFiles/ros-qualisys.dir/src/qualisys-to-ros.cpp.o] Error 1
[2.563s] make[1]: Leaving directory '/home/zeb/ros_workspace/build/ros-qualisys'
[2.563s] make[1]: *** [CMakeFiles/Makefile2:3065: CMakeFiles/ros-qualisys.dir/all] Error 2
[2.563s] make: *** [Makefile:149: all] Error 2
[2.564s] Invoked command in '/home/zeb/ros_workspace/build/ros-qualisys' returned '2': /usr/local/bin/cmake --build /home/zeb/ros_workspace/build/ros-qualisys -- -j22 -l22
